<?xml version="1.0" encoding="UTF-8"?>
<!-- Generated by org.testng.reporters.JUnitXMLReporter -->
<testsuite hostname="SIL-WIN-17" ignored="0" name="ChromeTest" tests="3" failures="0" timestamp="07 Aug 2019 07:27:14 GMT" time="10.538" errors="0">
  <testcase name="addReportTestName" time="0.031" classname="com.flowers.testcases.TC_HomePage"/>
  <testcase name="verifyHomePageTitle" time="0.016" classname="com.flowers.testcases.TC_HomePage"/>
  <testcase name="verifyLogo" time="10.475" classname="com.flowers.testcases.TC_HomePage"/>
</testsuite> <!-- ChromeTest -->
