<?xml version="1.0" encoding="UTF-8"?>
<!-- Generated by org.testng.reporters.JUnitXMLReporter -->
<testsuite hostname="SIL-WIN-17" ignored="0" name="Continue Shopping Page" tests="8" failures="0" timestamp="2019-10-05T15:39:30 IST" time="32.008" errors="0">
  <testcase name="verifyContinueShoppingTestCase" time="0.004" classname="com.flowers.testcases.TC_Module08_ContinueShopping"/>
  <testcase name="verifyContinueShoppingLink" time="0.197" classname="com.flowers.testcases.TC_Module08_ContinueShopping"/>
  <testcase name="verifyDatePickerControlOpen" time="1.595" classname="com.flowers.testcases.TC_Module08_ContinueShopping"/>
  <testcase name="verifyCalMonthYear" time="5.919" classname="com.flowers.testcases.TC_Module08_ContinueShopping"/>
  <testcase name="verifyCalStdDate" time="0.436" classname="com.flowers.testcases.TC_Module08_ContinueShopping"/>
  <testcase name="verifyDatePickerControlClose" time="10.023" classname="com.flowers.testcases.TC_Module08_ContinueShopping"/>
  <testcase name="verifySelectedDeliveryDate" time="0.07" classname="com.flowers.testcases.TC_Module08_ContinueShopping"/>
  <testcase name="verifyAddToCartPopup" time="13.739" classname="com.flowers.testcases.TC_Module08_ContinueShopping"/>
</testsuite> <!-- Continue Shopping Page -->
