<?xml version="1.0" encoding="UTF-8"?>
<!-- Generated by org.testng.reporters.JUnitXMLReporter -->
<testsuite hostname="SIL-WIN-17" ignored="0" name="Create Account Page" tests="7" failures="0" timestamp="09 Aug 2019 07:57:18 GMT" time="5.908" errors="0">
  <testcase name="addTestCaseName" time="0.007" classname="com.flowers.testcases.TC2_CreateAccount"/>
  <testcase name="verifySwitchWindow" time="0.296" classname="com.flowers.testcases.TC2_CreateAccount"/>
  <testcase name="verifyCreateAccountPopUpTitle" time="3.972" classname="com.flowers.testcases.TC2_CreateAccount"/>
  <testcase name="verifyCreateAccountWithBlankFields" time="0.347" classname="com.flowers.testcases.TC2_CreateAccount"/>
  <testcase name="verifyCreateAccountWithInvalidEmail" time="0.362" classname="com.flowers.testcases.TC2_CreateAccount"/>
  <testcase name="verifyCreateAccountWithInvalidPassword" time="0.477" classname="com.flowers.testcases.TC2_CreateAccount"/>
  <testcase name="verifyCreateAccount" time="0.433" classname="com.flowers.testcases.TC2_CreateAccount"/>
</testsuite> <!-- Create Account Page -->
