<?xml version="1.0" encoding="UTF-8"?>
<!-- Generated by org.testng.reporters.JUnitXMLReporter -->
<testsuite hostname="SIL-WIN-17" ignored="1" name="Home Page" tests="5" failures="0" timestamp="2019-10-05T15:37:58 IST" time="0.354" errors="0">
  <testcase name="verifyHomeTestCase" time="0.017" classname="com.flowers.testcases.TC_Module01_Home"/>
  <testcase name="verifyBrowserLaunched" time="0.016" classname="com.flowers.testcases.TC_Module01_Home"/>
  <testcase name="verifyHomeTitle" time="0.014" classname="com.flowers.testcases.TC_Module01_Home"/>
  <testcase name="verifyDisplayLogo" time="0.043" classname="com.flowers.testcases.TC_Module01_Home"/>
  <testcase name="verifyMouseHover" time="0.195" classname="com.flowers.testcases.TC_Module01_Home"/>
  <testcase name="verifyGDPRNotice" time="0.0" classname="com.flowers.testcases.TC_Module01_Home">
    <ignored/>
  </testcase> <!-- verifyGDPRNotice -->
</testsuite> <!-- Home Page -->
