<?xml version="1.0" encoding="UTF-8"?>
<!-- Generated by org.testng.reporters.JUnitXMLReporter -->
<testsuite hostname="SIL-WIN-17" ignored="0" name="Product Description Page" tests="12" failures="0" timestamp="2019-10-05T15:38:57 IST" time="44.511" errors="0">
  <testcase name="verifyProductDescriptionPageTestCase" time="0.007" classname="com.flowers.testcases.TC_Module06_ProductDescription"/>
  <testcase name="verifyProductDescriptionPageTitle" time="0.157" classname="com.flowers.testcases.TC_Module06_ProductDescription"/>
  <testcase name="verifyBlankDataFields" time="1.469" classname="com.flowers.testcases.TC_Module06_ProductDescription"/>
  <testcase name="verifyDatePickerControl" time="1.543" classname="com.flowers.testcases.TC_Module06_ProductDescription"/>
  <testcase name="verifyPreviousLink" time="10.096" classname="com.flowers.testcases.TC_Module06_ProductDescription"/>
  <testcase name="verifyNextLink" time="0.034" classname="com.flowers.testcases.TC_Module06_ProductDescription"/>
  <testcase name="verifyNextPreviousLink" time="1.898" classname="com.flowers.testcases.TC_Module06_ProductDescription"/>
  <testcase name="verifyCalMonthYear" time="6.262" classname="com.flowers.testcases.TC_Module06_ProductDescription"/>
  <testcase name="verifyCalStdDate" time="0.413" classname="com.flowers.testcases.TC_Module06_ProductDescription"/>
  <testcase name="verifyDatePickerControlClose" time="10.072" classname="com.flowers.testcases.TC_Module06_ProductDescription"/>
  <testcase name="verifySelectedDeliveryDate" time="0.056" classname="com.flowers.testcases.TC_Module06_ProductDescription"/>
  <testcase name="verifyAddToCartPopup" time="12.452" classname="com.flowers.testcases.TC_Module06_ProductDescription"/>
</testsuite> <!-- Product Description Page -->
