<?xml version="1.0" encoding="UTF-8"?>
<!-- Generated by org.testng.reporters.JUnitXMLReporter -->
<testsuite hostname="SIL-WIN-17" ignored="0" name="Recipients Page" tests="12" failures="1" timestamp="2019-10-05T15:40:34 IST" time="25.176" errors="0">
  <testcase name="verifyRecipientsTestCase" time="0.005" classname="com.flowers.testcases.TC_Module10_Recipients"/>
  <testcase name="verifyRecipientsTitle" time="0.026" classname="com.flowers.testcases.TC_Module10_Recipients"/>
  <testcase name="verifyProductDetails" time="0.175" classname="com.flowers.testcases.TC_Module10_Recipients"/>
  <testcase name="verifyBlankFieldsWithCity" time="6.426" classname="com.flowers.testcases.TC_Module10_Recipients"/>
  <testcase name="verifyBlankFieldsWithoutCity" time="15.96" classname="com.flowers.testcases.TC_Module10_Recipients"/>
  <testcase name="verifyDefaultTitle" time="0.073" classname="com.flowers.testcases.TC_Module10_Recipients"/>
  <testcase name="verifyDefaultLocationType" time="0.077" classname="com.flowers.testcases.TC_Module10_Recipients"/>
  <testcase name="verifyDefaultCity" time="0.068" classname="com.flowers.testcases.TC_Module10_Recipients"/>
  <testcase name="verifyAllTitles" time="0.274" classname="com.flowers.testcases.TC_Module10_Recipients"/>
  <testcase name="verifyAllLocationTypes" time="0.733" classname="com.flowers.testcases.TC_Module10_Recipients">
    <failure type="java.lang.AssertionError" message="Insufficient options in the location type drop-down list">
      <![CDATA[java.lang.AssertionError: Insufficient options in the location type drop-down list
at com.flowers.action.A10_Recipients.verifyAllLocationTypes(A10_Recipients.java:236)
at com.flowers.testcases.TC_Module10_Recipients.verifyAllLocationTypes(TC_Module10_Recipients.java:59)
at java.util.ArrayList.forEach(ArrayList.java:1257)
... Removed 28 stack frames]]>
    </failure>
  </testcase> <!-- verifyAllLocationTypes -->
  <testcase name="verifyExpectedTitle" time="0.487" classname="com.flowers.testcases.TC_Module10_Recipients"/>
  <testcase name="verifyExpectedLocationTypes" time="0.343" classname="com.flowers.testcases.TC_Module10_Recipients"/>
</testsuite> <!-- Recipients Page -->
