<?xml version="1.0" encoding="UTF-8"?>
<!-- Generated by org.testng.reporters.JUnitXMLReporter -->
<testsuite hostname="SIL-WIN-17" ignored="0" name="Search By Keyword" tests="7" failures="0" timestamp="2019-09-26T16:48:27 IST" time="157.447" errors="0">
  <testcase name="verifySearchByKeywordTestCase" time="0.009" classname="com.flowers.testcases.TC_Module04_SearchByKeyword"/>
  <testcase name="verifyBlankSearch" time="0.119" classname="com.flowers.testcases.TC_Module04_SearchByKeyword"/>
  <testcase name="verifyInvalidSearch" time="3.478" classname="com.flowers.testcases.TC_Module04_SearchByKeyword"/>
  <testcase name="verifySearchResultsTitle" time="0.013" classname="com.flowers.testcases.TC_Module04_SearchByKeyword"/>
  <testcase name="verifyNumberOfSearchResults" time="81.585" classname="com.flowers.testcases.TC_Module04_SearchByKeyword"/>
  <testcase name="verifySearchResultsFirst" time="10.634" classname="com.flowers.testcases.TC_Module04_SearchByKeyword"/>
  <testcase name="verifyValidSearch" time="61.557" classname="com.flowers.testcases.TC_Module04_SearchByKeyword"/>
</testsuite> <!-- Search By Keyword -->
