<?xml version="1.0" encoding="UTF-8"?>
<!-- Generated by org.testng.reporters.JUnitXMLReporter -->
<testsuite hostname="SIL-WIN-17" ignored="0" name="Search Results Page" tests="7" failures="0" timestamp="27 Aug 2019 07:02:26 GMT" time="67.633" errors="0">
  <testcase name="addTestCaseName" time="0.005" classname="com.flowers.testcases.TC4_SearchByKeyword"/>
  <testcase name="verifyBlankSearch" time="0.09" classname="com.flowers.testcases.TC4_SearchByKeyword"/>
  <testcase name="verifyInvalidSearch" time="5.188" classname="com.flowers.testcases.TC4_SearchByKeyword"/>
  <testcase name="verifySearchResultsTitle" time="0.092" classname="com.flowers.testcases.TC4_SearchByKeyword"/>
  <testcase name="verifyNumberOfSearchResults" time="49.362" classname="com.flowers.testcases.TC4_SearchByKeyword"/>
  <testcase name="verifySearchResultsFirst" time="7.316" classname="com.flowers.testcases.TC4_SearchByKeyword"/>
  <testcase name="verifyValidSearch" time="5.57" classname="com.flowers.testcases.TC4_SearchByKeyword"/>
</testsuite> <!-- Search Results Page -->
