<?xml version="1.0" encoding="UTF-8"?>
<!-- Generated by org.testng.reporters.JUnitXMLReporter -->
<testsuite hostname="SIL-WIN-17" ignored="0" name="Search By Product Code" tests="5" failures="0" timestamp="2019-10-05T15:38:13 IST" time="14.165" errors="0">
  <testcase name="verifySearchByProductCodeTestCase" time="0.008" classname="com.flowers.testcases.TC_Module05_SearchByProductCode"/>
  <testcase name="verifyBlankSearch" time="0.233" classname="com.flowers.testcases.TC_Module05_SearchByProductCode"/>
  <testcase name="verifyInvalidSearch" time="3.795" classname="com.flowers.testcases.TC_Module05_SearchByProductCode"/>
  <testcase name="verifySearchResultsTitle" time="0.018" classname="com.flowers.testcases.TC_Module05_SearchByProductCode"/>
  <testcase name="verifyValidSearch" time="10.087" classname="com.flowers.testcases.TC_Module05_SearchByProductCode"/>
</testsuite> <!-- Search By Product Code -->
