<?xml version="1.0" encoding="UTF-8"?>
<!-- Generated by org.testng.reporters.JUnitXMLReporter -->
<testsuite hostname="SIL-WIN-17" ignored="0" name="Search Result Page" tests="6" failures="0" timestamp="25 Aug 2019 12:43:42 GMT" time="59.683" errors="0">
  <testcase name="addTestCaseName" time="0.004" classname="com.flowers.testcases.TC4_SearchProduct"/>
  <testcase name="verifyBlankSearch" time="0.168" classname="com.flowers.testcases.TC4_SearchProduct"/>
  <testcase name="verifyInvalidSearch" time="3.126" classname="com.flowers.testcases.TC4_SearchProduct"/>
  <testcase name="verifySearchResultPageTitle" time="0.095" classname="com.flowers.testcases.TC4_SearchProduct"/>
  <testcase name="verifyNumberOfSearchProduct" time="47.638" classname="com.flowers.testcases.TC4_SearchProduct"/>
  <testcase name="verifyRelevantSearchProductResultTop" time="8.636" classname="com.flowers.testcases.TC4_SearchProduct"/>
</testsuite> <!-- Search Result Page -->
