<?xml version="1.0" encoding="UTF-8"?>
<!-- Generated by org.testng.reporters.JUnitXMLReporter -->
<testsuite hostname="SIL-WIN-17" ignored="0" name="Shopping Cart Page" tests="10" failures="0" timestamp="2019-10-05T15:40:09 IST" time="38.994" errors="0">
  <testcase name="verifyShoppingCartTestCase" time="0.005" classname="com.flowers.testcases.TC_Module09_ShoppingCart"/>
  <testcase name="verifyViewCartLink" time="15.609" classname="com.flowers.testcases.TC_Module09_ShoppingCart"/>
  <testcase name="verifyShoppingCartTitle" time="0.235" classname="com.flowers.testcases.TC_Module09_ShoppingCart"/>
  <testcase name="verifyCartQuantity" time="0.11" classname="com.flowers.testcases.TC_Module09_ShoppingCart"/>
  <testcase name="verifyCartSubTotal" time="0.069" classname="com.flowers.testcases.TC_Module09_ShoppingCart"/>
  <testcase name="verifyItemRemove" time="17.358" classname="com.flowers.testcases.TC_Module09_ShoppingCart"/>
  <testcase name="verifyRemoveItemCartQuantity" time="0.048" classname="com.flowers.testcases.TC_Module09_ShoppingCart"/>
  <testcase name="verifyCartDiscount" time="0.046" classname="com.flowers.testcases.TC_Module09_ShoppingCart"/>
  <testcase name="verifyRemoveItemCartSubTotal" time="0.053" classname="com.flowers.testcases.TC_Module09_ShoppingCart"/>
  <testcase name="verifyCheckout" time="5.444" classname="com.flowers.testcases.TC_Module09_ShoppingCart"/>
</testsuite> <!-- Shopping Cart Page -->
