<?xml version="1.0" encoding="UTF-8"?>
<!-- Generated by org.testng.reporters.JUnitXMLReporter -->
<testsuite hostname="SIL-WIN-17" ignored="0" name="Sign In Pop-up" tests="10" failures="0" timestamp="2019-09-25T09:19:46 IST" time="16.179" errors="0">
  <testcase name="verifyAddTestCaseName" time="0.016" classname="com.flowers.testcases.TC_Module3_SignIn"/>
  <testcase name="verifySwitchWindow" time="0.356" classname="com.flowers.testcases.TC_Module3_SignIn"/>
  <testcase name="verifySignInTitle" time="4.081" classname="com.flowers.testcases.TC_Module3_SignIn"/>
  <testcase name="verifySignInWithBlankDataFields" time="0.248" classname="com.flowers.testcases.TC_Module3_SignIn"/>
  <testcase name="verifySignInWithBlankEmail" time="0.341" classname="com.flowers.testcases.TC_Module3_SignIn"/>
  <testcase name="verifySignInWithBlankPassword" time="0.38" classname="com.flowers.testcases.TC_Module3_SignIn"/>
  <testcase name="verifySignInWithInvalidData" time="0.361" classname="com.flowers.testcases.TC_Module3_SignIn"/>
  <testcase name="verifySignInWithInvalidEmail" time="0.445" classname="com.flowers.testcases.TC_Module3_SignIn"/>
  <testcase name="verifySignInWithInvalidPassword" time="0.455" classname="com.flowers.testcases.TC_Module3_SignIn"/>
  <testcase name="verifySignInWithValidData" time="9.432" classname="com.flowers.testcases.TC_Module3_SignIn"/>
</testsuite> <!-- Sign In Pop-up -->
