<?xml version="1.0" encoding="UTF-8"?>
<!-- Generated by org.testng.reporters.JUnitXMLReporter -->
<testsuite hostname="SIL-WIN-17" ignored="1" name="Home Page" tests="5" failures="0" timestamp="28 Aug 2019 10:07:25 GMT" time="0.274" errors="0">
  <testcase name="addTestCaseName" time="0.022" classname="com.flowers.testcases.TC1_Home"/>
  <testcase name="verifyBrowserLaunched" time="0.009" classname="com.flowers.testcases.TC1_Home"/>
  <testcase name="verifyHomeTitle" time="0.012" classname="com.flowers.testcases.TC1_Home"/>
  <testcase name="verifyLogo" time="0.039" classname="com.flowers.testcases.TC1_Home"/>
  <testcase name="verifyMouseHover" time="0.152" classname="com.flowers.testcases.TC1_Home"/>
  <testcase name="verifyGDPR" time="0.0" classname="com.flowers.testcases.TC1_Home">
    <ignored/>
  </testcase> <!-- verifyGDPR -->
</testsuite> <!-- Home Page -->
