<?xml version="1.0" encoding="UTF-8"?>
<!-- Generated by org.testng.reporters.JUnitXMLReporter -->
<testsuite hostname="SIL-WIN-17" ignored="0" name="Search By Keyword" tests="7" failures="0" timestamp="28 Aug 2019 10:09:21 GMT" time="87.008" errors="0">
  <testcase name="addTestCaseName" time="0.004" classname="com.flowers.testcases.TC4_SearchByKeyword"/>
  <testcase name="verifyBlankSearch" time="0.123" classname="com.flowers.testcases.TC4_SearchByKeyword"/>
  <testcase name="verifyInvalidSearch" time="3.594" classname="com.flowers.testcases.TC4_SearchByKeyword"/>
  <testcase name="verifySearchResultsTitle" time="0.012" classname="com.flowers.testcases.TC4_SearchByKeyword"/>
  <testcase name="verifyNumberOfSearchResults" time="56.103" classname="com.flowers.testcases.TC4_SearchByKeyword"/>
  <testcase name="verifySearchResultsFirst" time="8.362" classname="com.flowers.testcases.TC4_SearchByKeyword"/>
  <testcase name="verifyValidSearch" time="18.808" classname="com.flowers.testcases.TC4_SearchByKeyword"/>
</testsuite> <!-- Search By Keyword -->
