<?xml version="1.0" encoding="UTF-8"?>
<testsuite xmlns:xsi="http://www.w3.org/2001/XMLSchema-instance" xsi:schemaLocation="https://maven.apache.org/surefire/maven-surefire-plugin/xsd/surefire-test-report.xsd" name="TestSuite" time="161.801" tests="27" errors="0" skipped="0" failures="1">
  <properties>
[...]
</properties>
  <testcase name="addTestCaseName" classname="com.flowers.testcases.TC1_Home" time="0.022"/>
  <testcase name="verifyBrowserLaunched" classname="com.flowers.testcases.TC1_Home" time="0.009"/>
  <testcase name="verifyHomeTitle" classname="com.flowers.testcases.TC1_Home" time="0.014"/>
  <testcase name="verifyLogo" classname="com.flowers.testcases.TC1_Home" time="0.036"/>
  <testcase name="verifyMouseHover" classname="com.flowers.testcases.TC1_Home" time="0.153"/>
  <testcase name="addTestCaseName" classname="com.flowers.testcases.TC3_SignIn" time="0.004"/>
  <testcase name="verifySwitchWindow" classname="com.flowers.testcases.TC3_SignIn" time="0.324"/>
  <testcase name="verifySignInPopUpTitle" classname="com.flowers.testcases.TC3_SignIn" time="4.384"/>
  <testcase name="verifySignInWithBlankDataFields" classname="com.flowers.testcases.TC3_SignIn" time="0.542"/>
  <testcase name="verifySignInWithBlankEmail" classname="com.flowers.testcases.TC3_SignIn" time="0.423"/>
  <testcase name="verifySignInWithBlankPassword" classname="com.flowers.testcases.TC3_SignIn" time="0.36"/>
  <testcase name="verifySignInWithInvalidData" classname="com.flowers.testcases.TC3_SignIn" time="0.335"/>
  <testcase name="verifySignInWithInvalidEmail" classname="com.flowers.testcases.TC3_SignIn" time="0.388"/>
  <testcase name="verifySignInWithInvalidPassword" classname="com.flowers.testcases.TC3_SignIn" time="0.3"/>
  <testcase name="verifySignInWithValidData" classname="com.flowers.testcases.TC3_SignIn" time="22.268"/>
  <testcase name="addTestCaseName" classname="com.flowers.testcases.TC4_SearchByKeyword" time="0.003"/>
  <testcase name="verifyBlankSearch" classname="com.flowers.testcases.TC4_SearchByKeyword" time="0.122"/>
  <testcase name="verifyInvalidSearch" classname="com.flowers.testcases.TC4_SearchByKeyword" time="3.593"/>
  <testcase name="verifySearchResultsTitle" classname="com.flowers.testcases.TC4_SearchByKeyword" time="0.012"/>
  <testcase name="verifyNumberOfSearchResults" classname="com.flowers.testcases.TC4_SearchByKeyword" time="56.103"/>
  <testcase name="verifySearchResultsFirst" classname="com.flowers.testcases.TC4_SearchByKeyword" time="8.361"/>
  <testcase name="verifyValidSearch" classname="com.flowers.testcases.TC4_SearchByKeyword" time="18.809"/>
  <testcase name="addTestCaseName" classname="com.flowers.testcases.TC5_SearchByProductCode" time="0.011"/>
  <testcase name="verifyBlankSearch" classname="com.flowers.testcases.TC5_SearchByProductCode" time="0.537"/>
  <testcase name="verifyInvalidSearch" classname="com.flowers.testcases.TC5_SearchByProductCode" time="3.205"/>
  <testcase name="verifySearchResultsTitle" classname="com.flowers.testcases.TC5_SearchByProductCode" time="0.008"/>
  <testcase name="verifyValidSearch" classname="com.flowers.testcases.TC5_SearchByProductCode" time="17.778">
    <failure message="no such element: Unable to locate element: {&quot;method&quot;:&quot;xpath&quot;,&quot;selector&quot;:&quot;//div[@class=&apos;pdp__prodCode&apos;]&quot;}&#10;  (Session info: chrome=76.0.3809.100)&#10;For documentation on this error, please visit: http://seleniumhq.org/exceptions/no_such_element.html&#10;Build info: version: &apos;3.14.0&apos;, revision: &apos;aacccce0&apos;, time: &apos;2018-08-02T20:19:58.91Z&apos;&#10;System info: host: &apos;SIL-WIN-17&apos;, ip: &apos;10.116.186.253&apos;, os.name: &apos;Windows 10&apos;, os.arch: &apos;amd64&apos;, os.version: &apos;10.0&apos;, java.version: &apos;1.8.0_211&apos;&#10;Driver info: org.openqa.selenium.chrome.ChromeDriver&#10;Capabilities {acceptInsecureCerts: false, browserName: chrome, browserVersion: 76.0.3809.100, chrome: {chromedriverVersion: 76.0.3809.68 (420c9498db8ce..., userDataDir: C:\Users\sooryen\AppData\Lo...}, goog:chromeOptions: {debuggerAddress: localhost:49641}, javascriptEnabled: true, networkConnectionEnabled: false, pageLoadStrategy: normal, platform: XP, platformName: XP, proxy: Proxy(), setWindowRect: true, strictFileInteractability: false, timeouts: {implicit: 0, pageLoad: 300000, script: 30000}, unhandledPromptBehavior: dismiss and notify}&#10;Session ID: d590b26b66ca7c7ad99cb03763970649&#10;*** Element info: {Using=xpath, value=//div[@class=&apos;pdp__prodCode&apos;]}" type="org.openqa.selenium.NoSuchElementException">org.openqa.selenium.NoSuchElementException: 
no such element: Unable to locate element: {"method":"xpath","selector":"//div[@class='pdp__prodCode']"}
  (Session info: chrome=76.0.3809.100)
For documentation on this error, please visit: http://seleniumhq.org/exceptions/no_such_element.html
Build info: version: '3.14.0', revision: 'aacccce0', time: '2018-08-02T20:19:58.91Z'
System info: host: 'SIL-WIN-17', ip: '10.116.186.253', os.name: 'Windows 10', os.arch: 'amd64', os.version: '10.0', java.version: '1.8.0_211'
Driver info: org.openqa.selenium.chrome.ChromeDriver
Capabilities {acceptInsecureCerts: false, browserName: chrome, browserVersion: 76.0.3809.100, chrome: {chromedriverVersion: 76.0.3809.68 (420c9498db8ce..., userDataDir: C:\Users\sooryen\AppData\Lo...}, goog:chromeOptions: {debuggerAddress: localhost:49641}, javascriptEnabled: true, networkConnectionEnabled: false, pageLoadStrategy: normal, platform: XP, platformName: XP, proxy: Proxy(), setWindowRect: true, strictFileInteractability: false, timeouts: {implicit: 0, pageLoad: 300000, script: 30000}, unhandledPromptBehavior: dismiss and notify}
Session ID: d590b26b66ca7c7ad99cb03763970649
*** Element info: {Using=xpath, value=//div[@class='pdp__prodCode']}
	at com.flowers.testcases.TC5_SearchByProductCode.verifyValidSearch(TC5_SearchByProductCode.java:41)
</failure>
  </testcase>
</testsuite>