<?xml version="1.0" encoding="UTF-8"?>
<testng-results skipped="0" failed="1" ignored="1" total="60" passed="58">
  <reporter-output>
  </reporter-output>
  <suite name="Suite" duration-ms="156194" started-at="2019-10-05T15:37:58 IST" finished-at="2019-10-05T15:40:34 IST">
    <groups>
    </groups>
    <test name="Home Page" duration-ms="354" started-at="2019-10-05T15:37:58 IST" finished-at="2019-10-05T15:37:58 IST">
      <class name="com.flowers.testcases.TC_Module01_Home">
        <test-method status="PASS" signature="verifyHomeTestCase()[pri:1, instance:com.flowers.testcases.TC_Module01_Home@2a17b7b6]" name="verifyHomeTestCase" duration-ms="17" started-at="2019-10-05T15:37:58 IST" finished-at="2019-10-05T15:37:58 IST">
          <reporter-output>
          </reporter-output>
        </test-method> <!-- verifyHomeTestCase -->
        <test-method status="PASS" signature="getResult(org.testng.ITestResult)[pri:0, instance:com.flowers.testcases.TC_Module01_Home@2a17b7b6]" name="getResult" is-config="true" duration-ms="4" started-at="2019-10-05T15:37:58 IST" finished-at="2019-10-05T15:37:58 IST">
          <params>
            <param index="0">
              <value>
                <![CDATA[[TestResult name=verifyHomeTestCase status=SUCCESS method=TC_Module01_Home.verifyHomeTestCase()[pri:1, instance:com.flowers.testcases.TC_Module01_Home@2a17b7b6] output={null}]]]>
              </value>
            </param>
          </params>
          <reporter-output>
          </reporter-output>
        </test-method> <!-- getResult -->
        <test-method status="PASS" signature="verifyBrowserLaunched()[pri:2, instance:com.flowers.testcases.TC_Module01_Home@2a17b7b6]" name="verifyBrowserLaunched" duration-ms="16" started-at="2019-10-05T15:37:58 IST" finished-at="2019-10-05T15:37:58 IST">
          <reporter-output>
          </reporter-output>
        </test-method> <!-- verifyBrowserLaunched -->
        <test-method status="PASS" signature="getResult(org.testng.ITestResult)[pri:0, instance:com.flowers.testcases.TC_Module01_Home@2a17b7b6]" name="getResult" is-config="true" duration-ms="1" started-at="2019-10-05T15:37:58 IST" finished-at="2019-10-05T15:37:58 IST">
          <params>
            <param index="0">
              <value>
                <![CDATA[[TestResult name=verifyBrowserLaunched status=SUCCESS method=TC_Module01_Home.verifyBrowserLaunched()[pri:2, instance:com.flowers.testcases.TC_Module01_Home@2a17b7b6] output={null}]]]>
              </value>
            </param>
          </params>
          <reporter-output>
          </reporter-output>
        </test-method> <!-- getResult -->
        <test-method status="PASS" signature="verifyHomeTitle()[pri:3, instance:com.flowers.testcases.TC_Module01_Home@2a17b7b6]" name="verifyHomeTitle" duration-ms="14" started-at="2019-10-05T15:37:58 IST" finished-at="2019-10-05T15:37:58 IST">
          <reporter-output>
          </reporter-output>
        </test-method> <!-- verifyHomeTitle -->
        <test-method status="PASS" signature="getResult(org.testng.ITestResult)[pri:0, instance:com.flowers.testcases.TC_Module01_Home@2a17b7b6]" name="getResult" is-config="true" duration-ms="0" started-at="2019-10-05T15:37:58 IST" finished-at="2019-10-05T15:37:58 IST">
          <params>
            <param index="0">
              <value>
                <![CDATA[[TestResult name=verifyHomeTitle status=SUCCESS method=TC_Module01_Home.verifyHomeTitle()[pri:3, instance:com.flowers.testcases.TC_Module01_Home@2a17b7b6] output={null}]]]>
              </value>
            </param>
          </params>
          <reporter-output>
          </reporter-output>
        </test-method> <!-- getResult -->
        <test-method status="PASS" signature="verifyDisplayLogo()[pri:4, instance:com.flowers.testcases.TC_Module01_Home@2a17b7b6]" name="verifyDisplayLogo" duration-ms="43" started-at="2019-10-05T15:37:58 IST" finished-at="2019-10-05T15:37:58 IST">
          <reporter-output>
          </reporter-output>
        </test-method> <!-- verifyDisplayLogo -->
        <test-method status="PASS" signature="getResult(org.testng.ITestResult)[pri:0, instance:com.flowers.testcases.TC_Module01_Home@2a17b7b6]" name="getResult" is-config="true" duration-ms="1" started-at="2019-10-05T15:37:58 IST" finished-at="2019-10-05T15:37:58 IST">
          <params>
            <param index="0">
              <value>
                <![CDATA[[TestResult name=verifyDisplayLogo status=SUCCESS method=TC_Module01_Home.verifyDisplayLogo()[pri:4, instance:com.flowers.testcases.TC_Module01_Home@2a17b7b6] output={null}]]]>
              </value>
            </param>
          </params>
          <reporter-output>
          </reporter-output>
        </test-method> <!-- getResult -->
        <test-method status="PASS" signature="verifyMouseHover()[pri:6, instance:com.flowers.testcases.TC_Module01_Home@2a17b7b6]" name="verifyMouseHover" duration-ms="195" started-at="2019-10-05T15:37:58 IST" finished-at="2019-10-05T15:37:58 IST">
          <reporter-output>
          </reporter-output>
        </test-method> <!-- verifyMouseHover -->
        <test-method status="PASS" signature="getResult(org.testng.ITestResult)[pri:0, instance:com.flowers.testcases.TC_Module01_Home@2a17b7b6]" name="getResult" is-config="true" duration-ms="1" started-at="2019-10-05T15:37:58 IST" finished-at="2019-10-05T15:37:58 IST">
          <params>
            <param index="0">
              <value>
                <![CDATA[[TestResult name=verifyMouseHover status=SUCCESS method=TC_Module01_Home.verifyMouseHover()[pri:6, instance:com.flowers.testcases.TC_Module01_Home@2a17b7b6] output={null}]]]>
              </value>
            </param>
          </params>
          <reporter-output>
          </reporter-output>
        </test-method> <!-- getResult -->
      </class> <!-- com.flowers.testcases.TC_Module01_Home -->
    </test> <!-- Home Page -->
    <test name="Search By Product Code" duration-ms="14165" started-at="2019-10-05T15:37:58 IST" finished-at="2019-10-05T15:38:13 IST">
      <class name="com.flowers.testcases.TC_Module05_SearchByProductCode">
        <test-method status="PASS" signature="verifySearchByProductCodeTestCase()[pri:1, instance:com.flowers.testcases.TC_Module05_SearchByProductCode@2833cc44]" name="verifySearchByProductCodeTestCase" duration-ms="8" started-at="2019-10-05T15:37:58 IST" finished-at="2019-10-05T15:37:58 IST">
          <reporter-output>
          </reporter-output>
        </test-method> <!-- verifySearchByProductCodeTestCase -->
        <test-method status="PASS" signature="getResult(org.testng.ITestResult)[pri:0, instance:com.flowers.testcases.TC_Module05_SearchByProductCode@2833cc44]" name="getResult" is-config="true" duration-ms="1" started-at="2019-10-05T15:37:58 IST" finished-at="2019-10-05T15:37:58 IST">
          <params>
            <param index="0">
              <value>
                <![CDATA[[TestResult name=verifySearchByProductCodeTestCase status=SUCCESS method=TC_Module05_SearchByProductCode.verifySearchByProductCodeTestCase()[pri:1, instance:com.flowers.testcases.TC_Module05_SearchByProductCode@2833cc44] output={null}]]]>
              </value>
            </param>
          </params>
          <reporter-output>
          </reporter-output>
        </test-method> <!-- getResult -->
        <test-method status="PASS" signature="verifyBlankSearch()[pri:2, instance:com.flowers.testcases.TC_Module05_SearchByProductCode@2833cc44]" name="verifyBlankSearch" duration-ms="233" started-at="2019-10-05T15:37:58 IST" finished-at="2019-10-05T15:37:59 IST">
          <reporter-output>
          </reporter-output>
        </test-method> <!-- verifyBlankSearch -->
        <test-method status="PASS" signature="getResult(org.testng.ITestResult)[pri:0, instance:com.flowers.testcases.TC_Module05_SearchByProductCode@2833cc44]" name="getResult" is-config="true" duration-ms="0" started-at="2019-10-05T15:37:59 IST" finished-at="2019-10-05T15:37:59 IST">
          <params>
            <param index="0">
              <value>
                <![CDATA[[TestResult name=verifyBlankSearch status=SUCCESS method=TC_Module05_SearchByProductCode.verifyBlankSearch()[pri:2, instance:com.flowers.testcases.TC_Module05_SearchByProductCode@2833cc44] output={null}]]]>
              </value>
            </param>
          </params>
          <reporter-output>
          </reporter-output>
        </test-method> <!-- getResult -->
        <test-method status="PASS" signature="verifyInvalidSearch()[pri:3, instance:com.flowers.testcases.TC_Module05_SearchByProductCode@2833cc44]" name="verifyInvalidSearch" duration-ms="3795" started-at="2019-10-05T15:37:59 IST" finished-at="2019-10-05T15:38:03 IST">
          <reporter-output>
          </reporter-output>
        </test-method> <!-- verifyInvalidSearch -->
        <test-method status="PASS" signature="getResult(org.testng.ITestResult)[pri:0, instance:com.flowers.testcases.TC_Module05_SearchByProductCode@2833cc44]" name="getResult" is-config="true" duration-ms="0" started-at="2019-10-05T15:38:03 IST" finished-at="2019-10-05T15:38:03 IST">
          <params>
            <param index="0">
              <value>
                <![CDATA[[TestResult name=verifyInvalidSearch status=SUCCESS method=TC_Module05_SearchByProductCode.verifyInvalidSearch()[pri:3, instance:com.flowers.testcases.TC_Module05_SearchByProductCode@2833cc44] output={null}]]]>
              </value>
            </param>
          </params>
          <reporter-output>
          </reporter-output>
        </test-method> <!-- getResult -->
        <test-method status="PASS" signature="verifySearchResultsTitle()[pri:4, instance:com.flowers.testcases.TC_Module05_SearchByProductCode@2833cc44]" name="verifySearchResultsTitle" duration-ms="18" started-at="2019-10-05T15:38:03 IST" finished-at="2019-10-05T15:38:03 IST">
          <reporter-output>
          </reporter-output>
        </test-method> <!-- verifySearchResultsTitle -->
        <test-method status="PASS" signature="getResult(org.testng.ITestResult)[pri:0, instance:com.flowers.testcases.TC_Module05_SearchByProductCode@2833cc44]" name="getResult" is-config="true" duration-ms="1" started-at="2019-10-05T15:38:03 IST" finished-at="2019-10-05T15:38:03 IST">
          <params>
            <param index="0">
              <value>
                <![CDATA[[TestResult name=verifySearchResultsTitle status=SUCCESS method=TC_Module05_SearchByProductCode.verifySearchResultsTitle()[pri:4, instance:com.flowers.testcases.TC_Module05_SearchByProductCode@2833cc44] output={null}]]]>
              </value>
            </param>
          </params>
          <reporter-output>
          </reporter-output>
        </test-method> <!-- getResult -->
        <test-method status="PASS" signature="verifyValidSearch()[pri:5, instance:com.flowers.testcases.TC_Module05_SearchByProductCode@2833cc44]" name="verifyValidSearch" duration-ms="10087" started-at="2019-10-05T15:38:03 IST" finished-at="2019-10-05T15:38:13 IST">
          <reporter-output>
          </reporter-output>
        </test-method> <!-- verifyValidSearch -->
        <test-method status="PASS" signature="getResult(org.testng.ITestResult)[pri:0, instance:com.flowers.testcases.TC_Module05_SearchByProductCode@2833cc44]" name="getResult" is-config="true" duration-ms="1" started-at="2019-10-05T15:38:13 IST" finished-at="2019-10-05T15:38:13 IST">
          <params>
            <param index="0">
              <value>
                <![CDATA[[TestResult name=verifyValidSearch status=SUCCESS method=TC_Module05_SearchByProductCode.verifyValidSearch()[pri:5, instance:com.flowers.testcases.TC_Module05_SearchByProductCode@2833cc44] output={null}]]]>
              </value>
            </param>
          </params>
          <reporter-output>
          </reporter-output>
        </test-method> <!-- getResult -->
      </class> <!-- com.flowers.testcases.TC_Module05_SearchByProductCode -->
    </test> <!-- Search By Product Code -->
    <test name="Product Description Page" duration-ms="44511" started-at="2019-10-05T15:38:13 IST" finished-at="2019-10-05T15:38:57 IST">
      <class name="com.flowers.testcases.TC_Module06_ProductDescription">
        <test-method status="PASS" signature="verifyProductDescriptionPageTestCase()[pri:1, instance:com.flowers.testcases.TC_Module06_ProductDescription@e320068]" name="verifyProductDescriptionPageTestCase" duration-ms="7" started-at="2019-10-05T15:38:13 IST" finished-at="2019-10-05T15:38:13 IST">
          <reporter-output>
          </reporter-output>
        </test-method> <!-- verifyProductDescriptionPageTestCase -->
        <test-method status="PASS" signature="getResult(org.testng.ITestResult)[pri:0, instance:com.flowers.testcases.TC_Module06_ProductDescription@e320068]" name="getResult" is-config="true" duration-ms="0" started-at="2019-10-05T15:38:13 IST" finished-at="2019-10-05T15:38:13 IST">
          <params>
            <param index="0">
              <value>
                <![CDATA[[TestResult name=verifyProductDescriptionPageTestCase status=SUCCESS method=TC_Module06_ProductDescription.verifyProductDescriptionPageTestCase()[pri:1, instance:com.flowers.testcases.TC_Module06_ProductDescription@e320068] output={null}]]]>
              </value>
            </param>
          </params>
          <reporter-output>
          </reporter-output>
        </test-method> <!-- getResult -->
        <test-method status="PASS" signature="verifyProductDescriptionPageTitle()[pri:2, instance:com.flowers.testcases.TC_Module06_ProductDescription@e320068]" name="verifyProductDescriptionPageTitle" duration-ms="157" started-at="2019-10-05T15:38:13 IST" finished-at="2019-10-05T15:38:13 IST">
          <reporter-output>
          </reporter-output>
        </test-method> <!-- verifyProductDescriptionPageTitle -->
        <test-method status="PASS" signature="getResult(org.testng.ITestResult)[pri:0, instance:com.flowers.testcases.TC_Module06_ProductDescription@e320068]" name="getResult" is-config="true" duration-ms="1" started-at="2019-10-05T15:38:13 IST" finished-at="2019-10-05T15:38:13 IST">
          <params>
            <param index="0">
              <value>
                <![CDATA[[TestResult name=verifyProductDescriptionPageTitle status=SUCCESS method=TC_Module06_ProductDescription.verifyProductDescriptionPageTitle()[pri:2, instance:com.flowers.testcases.TC_Module06_ProductDescription@e320068] output={null}]]]>
              </value>
            </param>
          </params>
          <reporter-output>
          </reporter-output>
        </test-method> <!-- getResult -->
        <test-method status="PASS" signature="verifyBlankDataFields()[pri:3, instance:com.flowers.testcases.TC_Module06_ProductDescription@e320068]" name="verifyBlankDataFields" duration-ms="1469" started-at="2019-10-05T15:38:13 IST" finished-at="2019-10-05T15:38:14 IST">
          <reporter-output>
          </reporter-output>
        </test-method> <!-- verifyBlankDataFields -->
        <test-method status="PASS" signature="getResult(org.testng.ITestResult)[pri:0, instance:com.flowers.testcases.TC_Module06_ProductDescription@e320068]" name="getResult" is-config="true" duration-ms="0" started-at="2019-10-05T15:38:14 IST" finished-at="2019-10-05T15:38:14 IST">
          <params>
            <param index="0">
              <value>
                <![CDATA[[TestResult name=verifyBlankDataFields status=SUCCESS method=TC_Module06_ProductDescription.verifyBlankDataFields()[pri:3, instance:com.flowers.testcases.TC_Module06_ProductDescription@e320068] output={null}]]]>
              </value>
            </param>
          </params>
          <reporter-output>
          </reporter-output>
        </test-method> <!-- getResult -->
        <test-method status="PASS" signature="verifyDatePickerControl()[pri:4, instance:com.flowers.testcases.TC_Module06_ProductDescription@e320068]" name="verifyDatePickerControl" duration-ms="1543" started-at="2019-10-05T15:38:14 IST" finished-at="2019-10-05T15:38:16 IST">
          <reporter-output>
          </reporter-output>
        </test-method> <!-- verifyDatePickerControl -->
        <test-method status="PASS" signature="getResult(org.testng.ITestResult)[pri:0, instance:com.flowers.testcases.TC_Module06_ProductDescription@e320068]" name="getResult" is-config="true" duration-ms="0" started-at="2019-10-05T15:38:16 IST" finished-at="2019-10-05T15:38:16 IST">
          <params>
            <param index="0">
              <value>
                <![CDATA[[TestResult name=verifyDatePickerControl status=SUCCESS method=TC_Module06_ProductDescription.verifyDatePickerControl()[pri:4, instance:com.flowers.testcases.TC_Module06_ProductDescription@e320068] output={null}]]]>
              </value>
            </param>
          </params>
          <reporter-output>
          </reporter-output>
        </test-method> <!-- getResult -->
        <test-method status="PASS" signature="verifyPreviousLink()[pri:5, instance:com.flowers.testcases.TC_Module06_ProductDescription@e320068]" name="verifyPreviousLink" duration-ms="10096" started-at="2019-10-05T15:38:16 IST" finished-at="2019-10-05T15:38:26 IST">
          <reporter-output>
          </reporter-output>
        </test-method> <!-- verifyPreviousLink -->
        <test-method status="PASS" signature="getResult(org.testng.ITestResult)[pri:0, instance:com.flowers.testcases.TC_Module06_ProductDescription@e320068]" name="getResult" is-config="true" duration-ms="0" started-at="2019-10-05T15:38:26 IST" finished-at="2019-10-05T15:38:26 IST">
          <params>
            <param index="0">
              <value>
                <![CDATA[[TestResult name=verifyPreviousLink status=SUCCESS method=TC_Module06_ProductDescription.verifyPreviousLink()[pri:5, instance:com.flowers.testcases.TC_Module06_ProductDescription@e320068] output={null}]]]>
              </value>
            </param>
          </params>
          <reporter-output>
          </reporter-output>
        </test-method> <!-- getResult -->
        <test-method status="PASS" signature="verifyNextLink()[pri:6, instance:com.flowers.testcases.TC_Module06_ProductDescription@e320068]" name="verifyNextLink" duration-ms="34" started-at="2019-10-05T15:38:26 IST" finished-at="2019-10-05T15:38:26 IST">
          <reporter-output>
          </reporter-output>
        </test-method> <!-- verifyNextLink -->
        <test-method status="PASS" signature="getResult(org.testng.ITestResult)[pri:0, instance:com.flowers.testcases.TC_Module06_ProductDescription@e320068]" name="getResult" is-config="true" duration-ms="1" started-at="2019-10-05T15:38:26 IST" finished-at="2019-10-05T15:38:26 IST">
          <params>
            <param index="0">
              <value>
                <![CDATA[[TestResult name=verifyNextLink status=SUCCESS method=TC_Module06_ProductDescription.verifyNextLink()[pri:6, instance:com.flowers.testcases.TC_Module06_ProductDescription@e320068] output={null}]]]>
              </value>
            </param>
          </params>
          <reporter-output>
          </reporter-output>
        </test-method> <!-- getResult -->
        <test-method status="PASS" signature="verifyNextPreviousLink()[pri:7, instance:com.flowers.testcases.TC_Module06_ProductDescription@e320068]" name="verifyNextPreviousLink" duration-ms="1898" started-at="2019-10-05T15:38:26 IST" finished-at="2019-10-05T15:38:28 IST">
          <reporter-output>
          </reporter-output>
        </test-method> <!-- verifyNextPreviousLink -->
        <test-method status="PASS" signature="getResult(org.testng.ITestResult)[pri:0, instance:com.flowers.testcases.TC_Module06_ProductDescription@e320068]" name="getResult" is-config="true" duration-ms="0" started-at="2019-10-05T15:38:28 IST" finished-at="2019-10-05T15:38:28 IST">
          <params>
            <param index="0">
              <value>
                <![CDATA[[TestResult name=verifyNextPreviousLink status=SUCCESS method=TC_Module06_ProductDescription.verifyNextPreviousLink()[pri:7, instance:com.flowers.testcases.TC_Module06_ProductDescription@e320068] output={null}]]]>
              </value>
            </param>
          </params>
          <reporter-output>
          </reporter-output>
        </test-method> <!-- getResult -->
        <test-method status="PASS" signature="verifyCalMonthYear()[pri:8, instance:com.flowers.testcases.TC_Module06_ProductDescription@e320068]" name="verifyCalMonthYear" duration-ms="6262" started-at="2019-10-05T15:38:28 IST" finished-at="2019-10-05T15:38:34 IST">
          <reporter-output>
          </reporter-output>
        </test-method> <!-- verifyCalMonthYear -->
        <test-method status="PASS" signature="getResult(org.testng.ITestResult)[pri:0, instance:com.flowers.testcases.TC_Module06_ProductDescription@e320068]" name="getResult" is-config="true" duration-ms="0" started-at="2019-10-05T15:38:34 IST" finished-at="2019-10-05T15:38:34 IST">
          <params>
            <param index="0">
              <value>
                <![CDATA[[TestResult name=verifyCalMonthYear status=SUCCESS method=TC_Module06_ProductDescription.verifyCalMonthYear()[pri:8, instance:com.flowers.testcases.TC_Module06_ProductDescription@e320068] output={null}]]]>
              </value>
            </param>
          </params>
          <reporter-output>
          </reporter-output>
        </test-method> <!-- getResult -->
        <test-method status="PASS" signature="verifyCalStdDate()[pri:9, instance:com.flowers.testcases.TC_Module06_ProductDescription@e320068]" name="verifyCalStdDate" duration-ms="413" started-at="2019-10-05T15:38:34 IST" finished-at="2019-10-05T15:38:35 IST">
          <reporter-output>
          </reporter-output>
        </test-method> <!-- verifyCalStdDate -->
        <test-method status="PASS" signature="getResult(org.testng.ITestResult)[pri:0, instance:com.flowers.testcases.TC_Module06_ProductDescription@e320068]" name="getResult" is-config="true" duration-ms="0" started-at="2019-10-05T15:38:35 IST" finished-at="2019-10-05T15:38:35 IST">
          <params>
            <param index="0">
              <value>
                <![CDATA[[TestResult name=verifyCalStdDate status=SUCCESS method=TC_Module06_ProductDescription.verifyCalStdDate()[pri:9, instance:com.flowers.testcases.TC_Module06_ProductDescription@e320068] output={null}]]]>
              </value>
            </param>
          </params>
          <reporter-output>
          </reporter-output>
        </test-method> <!-- getResult -->
        <test-method status="PASS" signature="verifyDatePickerControlClose()[pri:10, instance:com.flowers.testcases.TC_Module06_ProductDescription@e320068]" name="verifyDatePickerControlClose" duration-ms="10072" started-at="2019-10-05T15:38:35 IST" finished-at="2019-10-05T15:38:45 IST">
          <reporter-output>
          </reporter-output>
        </test-method> <!-- verifyDatePickerControlClose -->
        <test-method status="PASS" signature="getResult(org.testng.ITestResult)[pri:0, instance:com.flowers.testcases.TC_Module06_ProductDescription@e320068]" name="getResult" is-config="true" duration-ms="1" started-at="2019-10-05T15:38:45 IST" finished-at="2019-10-05T15:38:45 IST">
          <params>
            <param index="0">
              <value>
                <![CDATA[[TestResult name=verifyDatePickerControlClose status=SUCCESS method=TC_Module06_ProductDescription.verifyDatePickerControlClose()[pri:10, instance:com.flowers.testcases.TC_Module06_ProductDescription@e320068] output={null}]]]>
              </value>
            </param>
          </params>
          <reporter-output>
          </reporter-output>
        </test-method> <!-- getResult -->
        <test-method status="PASS" signature="verifySelectedDeliveryDate()[pri:11, instance:com.flowers.testcases.TC_Module06_ProductDescription@e320068]" name="verifySelectedDeliveryDate" duration-ms="56" started-at="2019-10-05T15:38:45 IST" finished-at="2019-10-05T15:38:45 IST">
          <reporter-output>
          </reporter-output>
        </test-method> <!-- verifySelectedDeliveryDate -->
        <test-method status="PASS" signature="getResult(org.testng.ITestResult)[pri:0, instance:com.flowers.testcases.TC_Module06_ProductDescription@e320068]" name="getResult" is-config="true" duration-ms="0" started-at="2019-10-05T15:38:45 IST" finished-at="2019-10-05T15:38:45 IST">
          <params>
            <param index="0">
              <value>
                <![CDATA[[TestResult name=verifySelectedDeliveryDate status=SUCCESS method=TC_Module06_ProductDescription.verifySelectedDeliveryDate()[pri:11, instance:com.flowers.testcases.TC_Module06_ProductDescription@e320068] output={null}]]]>
              </value>
            </param>
          </params>
          <reporter-output>
          </reporter-output>
        </test-method> <!-- getResult -->
        <test-method status="PASS" signature="verifyAddToCartPopup()[pri:12, instance:com.flowers.testcases.TC_Module06_ProductDescription@e320068]" name="verifyAddToCartPopup" duration-ms="12452" started-at="2019-10-05T15:38:45 IST" finished-at="2019-10-05T15:38:57 IST">
          <reporter-output>
          </reporter-output>
        </test-method> <!-- verifyAddToCartPopup -->
        <test-method status="PASS" signature="getResult(org.testng.ITestResult)[pri:0, instance:com.flowers.testcases.TC_Module06_ProductDescription@e320068]" name="getResult" is-config="true" duration-ms="1" started-at="2019-10-05T15:38:57 IST" finished-at="2019-10-05T15:38:57 IST">
          <params>
            <param index="0">
              <value>
                <![CDATA[[TestResult name=verifyAddToCartPopup status=SUCCESS method=TC_Module06_ProductDescription.verifyAddToCartPopup()[pri:12, instance:com.flowers.testcases.TC_Module06_ProductDescription@e320068] output={null}]]]>
              </value>
            </param>
          </params>
          <reporter-output>
          </reporter-output>
        </test-method> <!-- getResult -->
      </class> <!-- com.flowers.testcases.TC_Module06_ProductDescription -->
    </test> <!-- Product Description Page -->
    <test name="Added To Your Cart Pop-up" duration-ms="246" started-at="2019-10-05T15:38:57 IST" finished-at="2019-10-05T15:38:58 IST">
      <class name="com.flowers.testcases.TC_Module07_AddedToYourCart">
        <test-method status="PASS" signature="verifyToYourCartTestCase()[pri:1, instance:com.flowers.testcases.TC_Module07_AddedToYourCart@4232c52b]" name="verifyToYourCartTestCase" duration-ms="16" started-at="2019-10-05T15:38:57 IST" finished-at="2019-10-05T15:38:57 IST">
          <reporter-output>
          </reporter-output>
        </test-method> <!-- verifyToYourCartTestCase -->
        <test-method status="PASS" signature="getResult(org.testng.ITestResult)[pri:0, instance:com.flowers.testcases.TC_Module07_AddedToYourCart@4232c52b]" name="getResult" is-config="true" duration-ms="0" started-at="2019-10-05T15:38:57 IST" finished-at="2019-10-05T15:38:57 IST">
          <params>
            <param index="0">
              <value>
                <![CDATA[[TestResult name=verifyToYourCartTestCase status=SUCCESS method=TC_Module07_AddedToYourCart.verifyToYourCartTestCase()[pri:1, instance:com.flowers.testcases.TC_Module07_AddedToYourCart@4232c52b] output={null}]]]>
              </value>
            </param>
          </params>
          <reporter-output>
          </reporter-output>
        </test-method> <!-- getResult -->
        <test-method status="PASS" signature="verifyCartShippingProdCode()[pri:2, instance:com.flowers.testcases.TC_Module07_AddedToYourCart@4232c52b]" name="verifyCartShippingProdCode" duration-ms="42" started-at="2019-10-05T15:38:57 IST" finished-at="2019-10-05T15:38:57 IST">
          <reporter-output>
          </reporter-output>
        </test-method> <!-- verifyCartShippingProdCode -->
        <test-method status="PASS" signature="getResult(org.testng.ITestResult)[pri:0, instance:com.flowers.testcases.TC_Module07_AddedToYourCart@4232c52b]" name="getResult" is-config="true" duration-ms="0" started-at="2019-10-05T15:38:57 IST" finished-at="2019-10-05T15:38:57 IST">
          <params>
            <param index="0">
              <value>
                <![CDATA[[TestResult name=verifyCartShippingProdCode status=SUCCESS method=TC_Module07_AddedToYourCart.verifyCartShippingProdCode()[pri:2, instance:com.flowers.testcases.TC_Module07_AddedToYourCart@4232c52b] output={null}]]]>
              </value>
            </param>
          </params>
          <reporter-output>
          </reporter-output>
        </test-method> <!-- getResult -->
        <test-method status="PASS" signature="verifyCartShippingProdName()[pri:3, instance:com.flowers.testcases.TC_Module07_AddedToYourCart@4232c52b]" name="verifyCartShippingProdName" duration-ms="37" started-at="2019-10-05T15:38:57 IST" finished-at="2019-10-05T15:38:57 IST">
          <reporter-output>
          </reporter-output>
        </test-method> <!-- verifyCartShippingProdName -->
        <test-method status="PASS" signature="getResult(org.testng.ITestResult)[pri:0, instance:com.flowers.testcases.TC_Module07_AddedToYourCart@4232c52b]" name="getResult" is-config="true" duration-ms="1" started-at="2019-10-05T15:38:57 IST" finished-at="2019-10-05T15:38:57 IST">
          <params>
            <param index="0">
              <value>
                <![CDATA[[TestResult name=verifyCartShippingProdName status=SUCCESS method=TC_Module07_AddedToYourCart.verifyCartShippingProdName()[pri:3, instance:com.flowers.testcases.TC_Module07_AddedToYourCart@4232c52b] output={null}]]]>
              </value>
            </param>
          </params>
          <reporter-output>
          </reporter-output>
        </test-method> <!-- getResult -->
        <test-method status="PASS" signature="verifyCartShippingProdQty()[pri:4, instance:com.flowers.testcases.TC_Module07_AddedToYourCart@4232c52b]" name="verifyCartShippingProdQty" duration-ms="37" started-at="2019-10-05T15:38:57 IST" finished-at="2019-10-05T15:38:58 IST">
          <reporter-output>
          </reporter-output>
        </test-method> <!-- verifyCartShippingProdQty -->
        <test-method status="PASS" signature="getResult(org.testng.ITestResult)[pri:0, instance:com.flowers.testcases.TC_Module07_AddedToYourCart@4232c52b]" name="getResult" is-config="true" duration-ms="0" started-at="2019-10-05T15:38:58 IST" finished-at="2019-10-05T15:38:58 IST">
          <params>
            <param index="0">
              <value>
                <![CDATA[[TestResult name=verifyCartShippingProdQty status=SUCCESS method=TC_Module07_AddedToYourCart.verifyCartShippingProdQty()[pri:4, instance:com.flowers.testcases.TC_Module07_AddedToYourCart@4232c52b] output={null}]]]>
              </value>
            </param>
          </params>
          <reporter-output>
          </reporter-output>
        </test-method> <!-- getResult -->
        <test-method status="PASS" signature="verifyCartShippingProdPrice()[pri:5, instance:com.flowers.testcases.TC_Module07_AddedToYourCart@4232c52b]" name="verifyCartShippingProdPrice" duration-ms="32" started-at="2019-10-05T15:38:58 IST" finished-at="2019-10-05T15:38:58 IST">
          <reporter-output>
          </reporter-output>
        </test-method> <!-- verifyCartShippingProdPrice -->
        <test-method status="PASS" signature="getResult(org.testng.ITestResult)[pri:0, instance:com.flowers.testcases.TC_Module07_AddedToYourCart@4232c52b]" name="getResult" is-config="true" duration-ms="1" started-at="2019-10-05T15:38:58 IST" finished-at="2019-10-05T15:38:58 IST">
          <params>
            <param index="0">
              <value>
                <![CDATA[[TestResult name=verifyCartShippingProdPrice status=SUCCESS method=TC_Module07_AddedToYourCart.verifyCartShippingProdPrice()[pri:5, instance:com.flowers.testcases.TC_Module07_AddedToYourCart@4232c52b] output={null}]]]>
              </value>
            </param>
          </params>
          <reporter-output>
          </reporter-output>
        </test-method> <!-- getResult -->
        <test-method status="PASS" signature="verifyCartItemsCount()[pri:6, instance:com.flowers.testcases.TC_Module07_AddedToYourCart@4232c52b]" name="verifyCartItemsCount" duration-ms="34" started-at="2019-10-05T15:38:58 IST" finished-at="2019-10-05T15:38:58 IST">
          <reporter-output>
          </reporter-output>
        </test-method> <!-- verifyCartItemsCount -->
        <test-method status="PASS" signature="getResult(org.testng.ITestResult)[pri:0, instance:com.flowers.testcases.TC_Module07_AddedToYourCart@4232c52b]" name="getResult" is-config="true" duration-ms="0" started-at="2019-10-05T15:38:58 IST" finished-at="2019-10-05T15:38:58 IST">
          <params>
            <param index="0">
              <value>
                <![CDATA[[TestResult name=verifyCartItemsCount status=SUCCESS method=TC_Module07_AddedToYourCart.verifyCartItemsCount()[pri:6, instance:com.flowers.testcases.TC_Module07_AddedToYourCart@4232c52b] output={null}]]]>
              </value>
            </param>
          </params>
          <reporter-output>
          </reporter-output>
        </test-method> <!-- getResult -->
        <test-method status="PASS" signature="verifyCartSubTotals()[pri:7, instance:com.flowers.testcases.TC_Module07_AddedToYourCart@4232c52b]" name="verifyCartSubTotals" duration-ms="33" started-at="2019-10-05T15:38:58 IST" finished-at="2019-10-05T15:38:58 IST">
          <reporter-output>
          </reporter-output>
        </test-method> <!-- verifyCartSubTotals -->
        <test-method status="PASS" signature="getResult(org.testng.ITestResult)[pri:0, instance:com.flowers.testcases.TC_Module07_AddedToYourCart@4232c52b]" name="getResult" is-config="true" duration-ms="0" started-at="2019-10-05T15:38:58 IST" finished-at="2019-10-05T15:38:58 IST">
          <params>
            <param index="0">
              <value>
                <![CDATA[[TestResult name=verifyCartSubTotals status=SUCCESS method=TC_Module07_AddedToYourCart.verifyCartSubTotals()[pri:7, instance:com.flowers.testcases.TC_Module07_AddedToYourCart@4232c52b] output={null}]]]>
              </value>
            </param>
          </params>
          <reporter-output>
          </reporter-output>
        </test-method> <!-- getResult -->
      </class> <!-- com.flowers.testcases.TC_Module07_AddedToYourCart -->
    </test> <!-- Added To Your Cart Pop-up -->
    <test name="Continue Shopping Page" duration-ms="32008" started-at="2019-10-05T15:38:58 IST" finished-at="2019-10-05T15:39:30 IST">
      <class name="com.flowers.testcases.TC_Module08_ContinueShopping">
        <test-method status="PASS" signature="verifyContinueShoppingTestCase()[pri:1, instance:com.flowers.testcases.TC_Module08_ContinueShopping@528931cf]" name="verifyContinueShoppingTestCase" duration-ms="4" started-at="2019-10-05T15:38:58 IST" finished-at="2019-10-05T15:38:58 IST">
          <reporter-output>
          </reporter-output>
        </test-method> <!-- verifyContinueShoppingTestCase -->
        <test-method status="PASS" signature="getResult(org.testng.ITestResult)[pri:0, instance:com.flowers.testcases.TC_Module08_ContinueShopping@528931cf]" name="getResult" is-config="true" duration-ms="0" started-at="2019-10-05T15:38:58 IST" finished-at="2019-10-05T15:38:58 IST">
          <params>
            <param index="0">
              <value>
                <![CDATA[[TestResult name=verifyContinueShoppingTestCase status=SUCCESS method=TC_Module08_ContinueShopping.verifyContinueShoppingTestCase()[pri:1, instance:com.flowers.testcases.TC_Module08_ContinueShopping@528931cf] output={null}]]]>
              </value>
            </param>
          </params>
          <reporter-output>
          </reporter-output>
        </test-method> <!-- getResult -->
        <test-method status="PASS" signature="verifyContinueShoppingLink()[pri:2, instance:com.flowers.testcases.TC_Module08_ContinueShopping@528931cf]" name="verifyContinueShoppingLink" duration-ms="197" started-at="2019-10-05T15:38:58 IST" finished-at="2019-10-05T15:38:58 IST">
          <reporter-output>
          </reporter-output>
        </test-method> <!-- verifyContinueShoppingLink -->
        <test-method status="PASS" signature="getResult(org.testng.ITestResult)[pri:0, instance:com.flowers.testcases.TC_Module08_ContinueShopping@528931cf]" name="getResult" is-config="true" duration-ms="0" started-at="2019-10-05T15:38:58 IST" finished-at="2019-10-05T15:38:58 IST">
          <params>
            <param index="0">
              <value>
                <![CDATA[[TestResult name=verifyContinueShoppingLink status=SUCCESS method=TC_Module08_ContinueShopping.verifyContinueShoppingLink()[pri:2, instance:com.flowers.testcases.TC_Module08_ContinueShopping@528931cf] output={null}]]]>
              </value>
            </param>
          </params>
          <reporter-output>
          </reporter-output>
        </test-method> <!-- getResult -->
        <test-method status="PASS" signature="verifyDatePickerControlOpen()[pri:3, instance:com.flowers.testcases.TC_Module08_ContinueShopping@528931cf]" name="verifyDatePickerControlOpen" duration-ms="1595" started-at="2019-10-05T15:38:58 IST" finished-at="2019-10-05T15:38:59 IST">
          <reporter-output>
          </reporter-output>
        </test-method> <!-- verifyDatePickerControlOpen -->
        <test-method status="PASS" signature="getResult(org.testng.ITestResult)[pri:0, instance:com.flowers.testcases.TC_Module08_ContinueShopping@528931cf]" name="getResult" is-config="true" duration-ms="0" started-at="2019-10-05T15:38:59 IST" finished-at="2019-10-05T15:38:59 IST">
          <params>
            <param index="0">
              <value>
                <![CDATA[[TestResult name=verifyDatePickerControlOpen status=SUCCESS method=TC_Module08_ContinueShopping.verifyDatePickerControlOpen()[pri:3, instance:com.flowers.testcases.TC_Module08_ContinueShopping@528931cf] output={null}]]]>
              </value>
            </param>
          </params>
          <reporter-output>
          </reporter-output>
        </test-method> <!-- getResult -->
        <test-method status="PASS" signature="verifyCalMonthYear()[pri:4, instance:com.flowers.testcases.TC_Module08_ContinueShopping@528931cf]" name="verifyCalMonthYear" duration-ms="5919" started-at="2019-10-05T15:38:59 IST" finished-at="2019-10-05T15:39:05 IST">
          <reporter-output>
          </reporter-output>
        </test-method> <!-- verifyCalMonthYear -->
        <test-method status="PASS" signature="getResult(org.testng.ITestResult)[pri:0, instance:com.flowers.testcases.TC_Module08_ContinueShopping@528931cf]" name="getResult" is-config="true" duration-ms="1" started-at="2019-10-05T15:39:05 IST" finished-at="2019-10-05T15:39:05 IST">
          <params>
            <param index="0">
              <value>
                <![CDATA[[TestResult name=verifyCalMonthYear status=SUCCESS method=TC_Module08_ContinueShopping.verifyCalMonthYear()[pri:4, instance:com.flowers.testcases.TC_Module08_ContinueShopping@528931cf] output={null}]]]>
              </value>
            </param>
          </params>
          <reporter-output>
          </reporter-output>
        </test-method> <!-- getResult -->
        <test-method status="PASS" signature="verifyCalStdDate()[pri:5, instance:com.flowers.testcases.TC_Module08_ContinueShopping@528931cf]" name="verifyCalStdDate" duration-ms="436" started-at="2019-10-05T15:39:05 IST" finished-at="2019-10-05T15:39:06 IST">
          <reporter-output>
          </reporter-output>
        </test-method> <!-- verifyCalStdDate -->
        <test-method status="PASS" signature="verifyDatePickerControlClose()[pri:6, instance:com.flowers.testcases.TC_Module08_ContinueShopping@528931cf]" name="verifyDatePickerControlClose" duration-ms="10023" started-at="2019-10-05T15:39:06 IST" finished-at="2019-10-05T15:39:16 IST">
          <reporter-output>
          </reporter-output>
        </test-method> <!-- verifyDatePickerControlClose -->
        <test-method status="PASS" signature="getResult(org.testng.ITestResult)[pri:0, instance:com.flowers.testcases.TC_Module08_ContinueShopping@528931cf]" name="getResult" is-config="true" duration-ms="0" started-at="2019-10-05T15:39:06 IST" finished-at="2019-10-05T15:39:06 IST">
          <params>
            <param index="0">
              <value>
                <![CDATA[[TestResult name=verifyCalStdDate status=SUCCESS method=TC_Module08_ContinueShopping.verifyCalStdDate()[pri:5, instance:com.flowers.testcases.TC_Module08_ContinueShopping@528931cf] output={null}]]]>
              </value>
            </param>
          </params>
          <reporter-output>
          </reporter-output>
        </test-method> <!-- getResult -->
        <test-method status="PASS" signature="getResult(org.testng.ITestResult)[pri:0, instance:com.flowers.testcases.TC_Module08_ContinueShopping@528931cf]" name="getResult" is-config="true" duration-ms="2" started-at="2019-10-05T15:39:16 IST" finished-at="2019-10-05T15:39:16 IST">
          <params>
            <param index="0">
              <value>
                <![CDATA[[TestResult name=verifyDatePickerControlClose status=SUCCESS method=TC_Module08_ContinueShopping.verifyDatePickerControlClose()[pri:6, instance:com.flowers.testcases.TC_Module08_ContinueShopping@528931cf] output={null}]]]>
              </value>
            </param>
          </params>
          <reporter-output>
          </reporter-output>
        </test-method> <!-- getResult -->
        <test-method status="PASS" signature="verifySelectedDeliveryDate()[pri:7, instance:com.flowers.testcases.TC_Module08_ContinueShopping@528931cf]" name="verifySelectedDeliveryDate" duration-ms="70" started-at="2019-10-05T15:39:16 IST" finished-at="2019-10-05T15:39:16 IST">
          <reporter-output>
          </reporter-output>
        </test-method> <!-- verifySelectedDeliveryDate -->
        <test-method status="PASS" signature="getResult(org.testng.ITestResult)[pri:0, instance:com.flowers.testcases.TC_Module08_ContinueShopping@528931cf]" name="getResult" is-config="true" duration-ms="1" started-at="2019-10-05T15:39:16 IST" finished-at="2019-10-05T15:39:16 IST">
          <params>
            <param index="0">
              <value>
                <![CDATA[[TestResult name=verifySelectedDeliveryDate status=SUCCESS method=TC_Module08_ContinueShopping.verifySelectedDeliveryDate()[pri:7, instance:com.flowers.testcases.TC_Module08_ContinueShopping@528931cf] output={null}]]]>
              </value>
            </param>
          </params>
          <reporter-output>
          </reporter-output>
        </test-method> <!-- getResult -->
        <test-method status="PASS" signature="verifyAddToCartPopup()[pri:8, instance:com.flowers.testcases.TC_Module08_ContinueShopping@528931cf]" name="verifyAddToCartPopup" duration-ms="13739" started-at="2019-10-05T15:39:16 IST" finished-at="2019-10-05T15:39:30 IST">
          <reporter-output>
          </reporter-output>
        </test-method> <!-- verifyAddToCartPopup -->
        <test-method status="PASS" signature="getResult(org.testng.ITestResult)[pri:0, instance:com.flowers.testcases.TC_Module08_ContinueShopping@528931cf]" name="getResult" is-config="true" duration-ms="1" started-at="2019-10-05T15:39:30 IST" finished-at="2019-10-05T15:39:30 IST">
          <params>
            <param index="0">
              <value>
                <![CDATA[[TestResult name=verifyAddToCartPopup status=SUCCESS method=TC_Module08_ContinueShopping.verifyAddToCartPopup()[pri:8, instance:com.flowers.testcases.TC_Module08_ContinueShopping@528931cf] output={null}]]]>
              </value>
            </param>
          </params>
          <reporter-output>
          </reporter-output>
        </test-method> <!-- getResult -->
      </class> <!-- com.flowers.testcases.TC_Module08_ContinueShopping -->
    </test> <!-- Continue Shopping Page -->
    <test name="Shopping Cart Page" duration-ms="38994" started-at="2019-10-05T15:39:30 IST" finished-at="2019-10-05T15:40:09 IST">
      <class name="com.flowers.testcases.TC_Module09_ShoppingCart">
        <test-method status="PASS" signature="verifyShoppingCartTestCase()[pri:1, instance:com.flowers.testcases.TC_Module09_ShoppingCart@7a765367]" name="verifyShoppingCartTestCase" duration-ms="5" started-at="2019-10-05T15:39:30 IST" finished-at="2019-10-05T15:39:30 IST">
          <reporter-output>
          </reporter-output>
        </test-method> <!-- verifyShoppingCartTestCase -->
        <test-method status="PASS" signature="getResult(org.testng.ITestResult)[pri:0, instance:com.flowers.testcases.TC_Module09_ShoppingCart@7a765367]" name="getResult" is-config="true" duration-ms="1" started-at="2019-10-05T15:39:30 IST" finished-at="2019-10-05T15:39:30 IST">
          <params>
            <param index="0">
              <value>
                <![CDATA[[TestResult name=verifyShoppingCartTestCase status=SUCCESS method=TC_Module09_ShoppingCart.verifyShoppingCartTestCase()[pri:1, instance:com.flowers.testcases.TC_Module09_ShoppingCart@7a765367] output={null}]]]>
              </value>
            </param>
          </params>
          <reporter-output>
          </reporter-output>
        </test-method> <!-- getResult -->
        <test-method status="PASS" signature="verifyViewCartLink()[pri:2, instance:com.flowers.testcases.TC_Module09_ShoppingCart@7a765367]" name="verifyViewCartLink" duration-ms="15609" started-at="2019-10-05T15:39:30 IST" finished-at="2019-10-05T15:39:46 IST">
          <reporter-output>
          </reporter-output>
        </test-method> <!-- verifyViewCartLink -->
        <test-method status="PASS" signature="getResult(org.testng.ITestResult)[pri:0, instance:com.flowers.testcases.TC_Module09_ShoppingCart@7a765367]" name="getResult" is-config="true" duration-ms="0" started-at="2019-10-05T15:39:46 IST" finished-at="2019-10-05T15:39:46 IST">
          <params>
            <param index="0">
              <value>
                <![CDATA[[TestResult name=verifyViewCartLink status=SUCCESS method=TC_Module09_ShoppingCart.verifyViewCartLink()[pri:2, instance:com.flowers.testcases.TC_Module09_ShoppingCart@7a765367] output={null}]]]>
              </value>
            </param>
          </params>
          <reporter-output>
          </reporter-output>
        </test-method> <!-- getResult -->
        <test-method status="PASS" signature="verifyShoppingCartTitle()[pri:3, instance:com.flowers.testcases.TC_Module09_ShoppingCart@7a765367]" name="verifyShoppingCartTitle" duration-ms="235" started-at="2019-10-05T15:39:46 IST" finished-at="2019-10-05T15:39:46 IST">
          <reporter-output>
          </reporter-output>
        </test-method> <!-- verifyShoppingCartTitle -->
        <test-method status="PASS" signature="getResult(org.testng.ITestResult)[pri:0, instance:com.flowers.testcases.TC_Module09_ShoppingCart@7a765367]" name="getResult" is-config="true" duration-ms="0" started-at="2019-10-05T15:39:46 IST" finished-at="2019-10-05T15:39:46 IST">
          <params>
            <param index="0">
              <value>
                <![CDATA[[TestResult name=verifyShoppingCartTitle status=SUCCESS method=TC_Module09_ShoppingCart.verifyShoppingCartTitle()[pri:3, instance:com.flowers.testcases.TC_Module09_ShoppingCart@7a765367] output={null}]]]>
              </value>
            </param>
          </params>
          <reporter-output>
          </reporter-output>
        </test-method> <!-- getResult -->
        <test-method status="PASS" signature="verifyCartQuantity()[pri:4, instance:com.flowers.testcases.TC_Module09_ShoppingCart@7a765367]" name="verifyCartQuantity" duration-ms="110" started-at="2019-10-05T15:39:46 IST" finished-at="2019-10-05T15:39:46 IST">
          <reporter-output>
          </reporter-output>
        </test-method> <!-- verifyCartQuantity -->
        <test-method status="PASS" signature="getResult(org.testng.ITestResult)[pri:0, instance:com.flowers.testcases.TC_Module09_ShoppingCart@7a765367]" name="getResult" is-config="true" duration-ms="0" started-at="2019-10-05T15:39:46 IST" finished-at="2019-10-05T15:39:46 IST">
          <params>
            <param index="0">
              <value>
                <![CDATA[[TestResult name=verifyCartQuantity status=SUCCESS method=TC_Module09_ShoppingCart.verifyCartQuantity()[pri:4, instance:com.flowers.testcases.TC_Module09_ShoppingCart@7a765367] output={null}]]]>
              </value>
            </param>
          </params>
          <reporter-output>
          </reporter-output>
        </test-method> <!-- getResult -->
        <test-method status="PASS" signature="verifyCartSubTotal()[pri:5, instance:com.flowers.testcases.TC_Module09_ShoppingCart@7a765367]" name="verifyCartSubTotal" duration-ms="69" started-at="2019-10-05T15:39:46 IST" finished-at="2019-10-05T15:39:46 IST">
          <reporter-output>
          </reporter-output>
        </test-method> <!-- verifyCartSubTotal -->
        <test-method status="PASS" signature="getResult(org.testng.ITestResult)[pri:0, instance:com.flowers.testcases.TC_Module09_ShoppingCart@7a765367]" name="getResult" is-config="true" duration-ms="1" started-at="2019-10-05T15:39:46 IST" finished-at="2019-10-05T15:39:46 IST">
          <params>
            <param index="0">
              <value>
                <![CDATA[[TestResult name=verifyCartSubTotal status=SUCCESS method=TC_Module09_ShoppingCart.verifyCartSubTotal()[pri:5, instance:com.flowers.testcases.TC_Module09_ShoppingCart@7a765367] output={null}]]]>
              </value>
            </param>
          </params>
          <reporter-output>
          </reporter-output>
        </test-method> <!-- getResult -->
        <test-method status="PASS" signature="verifyItemRemove()[pri:6, instance:com.flowers.testcases.TC_Module09_ShoppingCart@7a765367]" name="verifyItemRemove" duration-ms="17358" started-at="2019-10-05T15:39:46 IST" finished-at="2019-10-05T15:40:03 IST">
          <reporter-output>
          </reporter-output>
        </test-method> <!-- verifyItemRemove -->
        <test-method status="PASS" signature="getResult(org.testng.ITestResult)[pri:0, instance:com.flowers.testcases.TC_Module09_ShoppingCart@7a765367]" name="getResult" is-config="true" duration-ms="1" started-at="2019-10-05T15:40:03 IST" finished-at="2019-10-05T15:40:03 IST">
          <params>
            <param index="0">
              <value>
                <![CDATA[[TestResult name=verifyItemRemove status=SUCCESS method=TC_Module09_ShoppingCart.verifyItemRemove()[pri:6, instance:com.flowers.testcases.TC_Module09_ShoppingCart@7a765367] output={null}]]]>
              </value>
            </param>
          </params>
          <reporter-output>
          </reporter-output>
        </test-method> <!-- getResult -->
        <test-method status="PASS" signature="verifyRemoveItemCartQuantity()[pri:7, instance:com.flowers.testcases.TC_Module09_ShoppingCart@7a765367]" name="verifyRemoveItemCartQuantity" duration-ms="48" started-at="2019-10-05T15:40:03 IST" finished-at="2019-10-05T15:40:03 IST">
          <reporter-output>
          </reporter-output>
        </test-method> <!-- verifyRemoveItemCartQuantity -->
        <test-method status="PASS" signature="getResult(org.testng.ITestResult)[pri:0, instance:com.flowers.testcases.TC_Module09_ShoppingCart@7a765367]" name="getResult" is-config="true" duration-ms="1" started-at="2019-10-05T15:40:03 IST" finished-at="2019-10-05T15:40:03 IST">
          <params>
            <param index="0">
              <value>
                <![CDATA[[TestResult name=verifyRemoveItemCartQuantity status=SUCCESS method=TC_Module09_ShoppingCart.verifyRemoveItemCartQuantity()[pri:7, instance:com.flowers.testcases.TC_Module09_ShoppingCart@7a765367] output={null}]]]>
              </value>
            </param>
          </params>
          <reporter-output>
          </reporter-output>
        </test-method> <!-- getResult -->
        <test-method status="PASS" signature="verifyCartDiscount()[pri:8, instance:com.flowers.testcases.TC_Module09_ShoppingCart@7a765367]" name="verifyCartDiscount" duration-ms="46" started-at="2019-10-05T15:40:03 IST" finished-at="2019-10-05T15:40:03 IST">
          <reporter-output>
          </reporter-output>
        </test-method> <!-- verifyCartDiscount -->
        <test-method status="PASS" signature="getResult(org.testng.ITestResult)[pri:0, instance:com.flowers.testcases.TC_Module09_ShoppingCart@7a765367]" name="getResult" is-config="true" duration-ms="0" started-at="2019-10-05T15:40:03 IST" finished-at="2019-10-05T15:40:03 IST">
          <params>
            <param index="0">
              <value>
                <![CDATA[[TestResult name=verifyCartDiscount status=SUCCESS method=TC_Module09_ShoppingCart.verifyCartDiscount()[pri:8, instance:com.flowers.testcases.TC_Module09_ShoppingCart@7a765367] output={null}]]]>
              </value>
            </param>
          </params>
          <reporter-output>
          </reporter-output>
        </test-method> <!-- getResult -->
        <test-method status="PASS" signature="verifyRemoveItemCartSubTotal()[pri:9, instance:com.flowers.testcases.TC_Module09_ShoppingCart@7a765367]" name="verifyRemoveItemCartSubTotal" duration-ms="53" started-at="2019-10-05T15:40:03 IST" finished-at="2019-10-05T15:40:03 IST">
          <reporter-output>
          </reporter-output>
        </test-method> <!-- verifyRemoveItemCartSubTotal -->
        <test-method status="PASS" signature="getResult(org.testng.ITestResult)[pri:0, instance:com.flowers.testcases.TC_Module09_ShoppingCart@7a765367]" name="getResult" is-config="true" duration-ms="1" started-at="2019-10-05T15:40:03 IST" finished-at="2019-10-05T15:40:03 IST">
          <params>
            <param index="0">
              <value>
                <![CDATA[[TestResult name=verifyRemoveItemCartSubTotal status=SUCCESS method=TC_Module09_ShoppingCart.verifyRemoveItemCartSubTotal()[pri:9, instance:com.flowers.testcases.TC_Module09_ShoppingCart@7a765367] output={null}]]]>
              </value>
            </param>
          </params>
          <reporter-output>
          </reporter-output>
        </test-method> <!-- getResult -->
        <test-method status="PASS" signature="verifyCheckout()[pri:10, instance:com.flowers.testcases.TC_Module09_ShoppingCart@7a765367]" name="verifyCheckout" duration-ms="5444" started-at="2019-10-05T15:40:03 IST" finished-at="2019-10-05T15:40:09 IST">
          <reporter-output>
          </reporter-output>
        </test-method> <!-- verifyCheckout -->
        <test-method status="PASS" signature="getResult(org.testng.ITestResult)[pri:0, instance:com.flowers.testcases.TC_Module09_ShoppingCart@7a765367]" name="getResult" is-config="true" duration-ms="1" started-at="2019-10-05T15:40:09 IST" finished-at="2019-10-05T15:40:09 IST">
          <params>
            <param index="0">
              <value>
                <![CDATA[[TestResult name=verifyCheckout status=SUCCESS method=TC_Module09_ShoppingCart.verifyCheckout()[pri:10, instance:com.flowers.testcases.TC_Module09_ShoppingCart@7a765367] output={null}]]]>
              </value>
            </param>
          </params>
          <reporter-output>
          </reporter-output>
        </test-method> <!-- getResult -->
      </class> <!-- com.flowers.testcases.TC_Module09_ShoppingCart -->
    </test> <!-- Shopping Cart Page -->
    <test name="Recipients Page" duration-ms="25176" started-at="2019-10-05T15:40:09 IST" finished-at="2019-10-05T15:40:34 IST">
      <class name="com.flowers.testcases.TC_Module10_Recipients">
        <test-method status="PASS" signature="startExecution()[pri:0, instance:com.flowers.testcases.TC_Module10_Recipients@4b553d26]" name="startExecution" is-config="true" duration-ms="41314" started-at="2019-10-05T15:37:17 IST" finished-at="2019-10-05T15:37:58 IST">
          <reporter-output>
          </reporter-output>
        </test-method> <!-- startExecution -->
        <test-method status="PASS" signature="verifyRecipientsTestCase()[pri:1, instance:com.flowers.testcases.TC_Module10_Recipients@4b553d26]" name="verifyRecipientsTestCase" duration-ms="5" started-at="2019-10-05T15:40:09 IST" finished-at="2019-10-05T15:40:09 IST">
          <reporter-output>
          </reporter-output>
        </test-method> <!-- verifyRecipientsTestCase -->
        <test-method status="PASS" signature="getResult(org.testng.ITestResult)[pri:0, instance:com.flowers.testcases.TC_Module10_Recipients@4b553d26]" name="getResult" is-config="true" duration-ms="1" started-at="2019-10-05T15:40:09 IST" finished-at="2019-10-05T15:40:09 IST">
          <params>
            <param index="0">
              <value>
                <![CDATA[[TestResult name=verifyRecipientsTestCase status=SUCCESS method=TC_Module10_Recipients.verifyRecipientsTestCase()[pri:1, instance:com.flowers.testcases.TC_Module10_Recipients@4b553d26] output={null}]]]>
              </value>
            </param>
          </params>
          <reporter-output>
          </reporter-output>
        </test-method> <!-- getResult -->
        <test-method status="PASS" signature="verifyRecipientsTitle()[pri:2, instance:com.flowers.testcases.TC_Module10_Recipients@4b553d26]" name="verifyRecipientsTitle" duration-ms="26" started-at="2019-10-05T15:40:09 IST" finished-at="2019-10-05T15:40:09 IST">
          <reporter-output>
          </reporter-output>
        </test-method> <!-- verifyRecipientsTitle -->
        <test-method status="PASS" signature="getResult(org.testng.ITestResult)[pri:0, instance:com.flowers.testcases.TC_Module10_Recipients@4b553d26]" name="getResult" is-config="true" duration-ms="0" started-at="2019-10-05T15:40:09 IST" finished-at="2019-10-05T15:40:09 IST">
          <params>
            <param index="0">
              <value>
                <![CDATA[[TestResult name=verifyRecipientsTitle status=SUCCESS method=TC_Module10_Recipients.verifyRecipientsTitle()[pri:2, instance:com.flowers.testcases.TC_Module10_Recipients@4b553d26] output={null}]]]>
              </value>
            </param>
          </params>
          <reporter-output>
          </reporter-output>
        </test-method> <!-- getResult -->
        <test-method status="PASS" signature="verifyProductDetails()[pri:3, instance:com.flowers.testcases.TC_Module10_Recipients@4b553d26]" name="verifyProductDetails" duration-ms="175" started-at="2019-10-05T15:40:09 IST" finished-at="2019-10-05T15:40:09 IST">
          <reporter-output>
          </reporter-output>
        </test-method> <!-- verifyProductDetails -->
        <test-method status="PASS" signature="getResult(org.testng.ITestResult)[pri:0, instance:com.flowers.testcases.TC_Module10_Recipients@4b553d26]" name="getResult" is-config="true" duration-ms="1" started-at="2019-10-05T15:40:09 IST" finished-at="2019-10-05T15:40:09 IST">
          <params>
            <param index="0">
              <value>
                <![CDATA[[TestResult name=verifyProductDetails status=SUCCESS method=TC_Module10_Recipients.verifyProductDetails()[pri:3, instance:com.flowers.testcases.TC_Module10_Recipients@4b553d26] output={null}]]]>
              </value>
            </param>
          </params>
          <reporter-output>
          </reporter-output>
        </test-method> <!-- getResult -->
        <test-method status="PASS" signature="verifyBlankFieldsWithCity()[pri:4, instance:com.flowers.testcases.TC_Module10_Recipients@4b553d26]" name="verifyBlankFieldsWithCity" duration-ms="6426" started-at="2019-10-05T15:40:09 IST" finished-at="2019-10-05T15:40:16 IST">
          <reporter-output>
          </reporter-output>
        </test-method> <!-- verifyBlankFieldsWithCity -->
        <test-method status="PASS" signature="getResult(org.testng.ITestResult)[pri:0, instance:com.flowers.testcases.TC_Module10_Recipients@4b553d26]" name="getResult" is-config="true" duration-ms="1" started-at="2019-10-05T15:40:16 IST" finished-at="2019-10-05T15:40:16 IST">
          <params>
            <param index="0">
              <value>
                <![CDATA[[TestResult name=verifyBlankFieldsWithCity status=SUCCESS method=TC_Module10_Recipients.verifyBlankFieldsWithCity()[pri:4, instance:com.flowers.testcases.TC_Module10_Recipients@4b553d26] output={null}]]]>
              </value>
            </param>
          </params>
          <reporter-output>
          </reporter-output>
        </test-method> <!-- getResult -->
        <test-method status="PASS" signature="verifyBlankFieldsWithoutCity()[pri:5, instance:com.flowers.testcases.TC_Module10_Recipients@4b553d26]" name="verifyBlankFieldsWithoutCity" duration-ms="15960" started-at="2019-10-05T15:40:16 IST" finished-at="2019-10-05T15:40:32 IST">
          <reporter-output>
          </reporter-output>
        </test-method> <!-- verifyBlankFieldsWithoutCity -->
        <test-method status="PASS" signature="getResult(org.testng.ITestResult)[pri:0, instance:com.flowers.testcases.TC_Module10_Recipients@4b553d26]" name="getResult" is-config="true" duration-ms="0" started-at="2019-10-05T15:40:32 IST" finished-at="2019-10-05T15:40:32 IST">
          <params>
            <param index="0">
              <value>
                <![CDATA[[TestResult name=verifyBlankFieldsWithoutCity status=SUCCESS method=TC_Module10_Recipients.verifyBlankFieldsWithoutCity()[pri:5, instance:com.flowers.testcases.TC_Module10_Recipients@4b553d26] output={null}]]]>
              </value>
            </param>
          </params>
          <reporter-output>
          </reporter-output>
        </test-method> <!-- getResult -->
        <test-method status="PASS" signature="verifyDefaultTitle()[pri:6, instance:com.flowers.testcases.TC_Module10_Recipients@4b553d26]" name="verifyDefaultTitle" duration-ms="73" started-at="2019-10-05T15:40:32 IST" finished-at="2019-10-05T15:40:32 IST">
          <reporter-output>
          </reporter-output>
        </test-method> <!-- verifyDefaultTitle -->
        <test-method status="PASS" signature="getResult(org.testng.ITestResult)[pri:0, instance:com.flowers.testcases.TC_Module10_Recipients@4b553d26]" name="getResult" is-config="true" duration-ms="1" started-at="2019-10-05T15:40:32 IST" finished-at="2019-10-05T15:40:32 IST">
          <params>
            <param index="0">
              <value>
                <![CDATA[[TestResult name=verifyDefaultTitle status=SUCCESS method=TC_Module10_Recipients.verifyDefaultTitle()[pri:6, instance:com.flowers.testcases.TC_Module10_Recipients@4b553d26] output={null}]]]>
              </value>
            </param>
          </params>
          <reporter-output>
          </reporter-output>
        </test-method> <!-- getResult -->
        <test-method status="PASS" signature="verifyDefaultLocationType()[pri:7, instance:com.flowers.testcases.TC_Module10_Recipients@4b553d26]" name="verifyDefaultLocationType" duration-ms="77" started-at="2019-10-05T15:40:32 IST" finished-at="2019-10-05T15:40:32 IST">
          <reporter-output>
          </reporter-output>
        </test-method> <!-- verifyDefaultLocationType -->
        <test-method status="PASS" signature="getResult(org.testng.ITestResult)[pri:0, instance:com.flowers.testcases.TC_Module10_Recipients@4b553d26]" name="getResult" is-config="true" duration-ms="1" started-at="2019-10-05T15:40:32 IST" finished-at="2019-10-05T15:40:32 IST">
          <params>
            <param index="0">
              <value>
                <![CDATA[[TestResult name=verifyDefaultLocationType status=SUCCESS method=TC_Module10_Recipients.verifyDefaultLocationType()[pri:7, instance:com.flowers.testcases.TC_Module10_Recipients@4b553d26] output={null}]]]>
              </value>
            </param>
          </params>
          <reporter-output>
          </reporter-output>
        </test-method> <!-- getResult -->
        <test-method status="PASS" signature="verifyDefaultCity()[pri:8, instance:com.flowers.testcases.TC_Module10_Recipients@4b553d26]" name="verifyDefaultCity" duration-ms="68" started-at="2019-10-05T15:40:32 IST" finished-at="2019-10-05T15:40:32 IST">
          <reporter-output>
          </reporter-output>
        </test-method> <!-- verifyDefaultCity -->
        <test-method status="PASS" signature="getResult(org.testng.ITestResult)[pri:0, instance:com.flowers.testcases.TC_Module10_Recipients@4b553d26]" name="getResult" is-config="true" duration-ms="1" started-at="2019-10-05T15:40:32 IST" finished-at="2019-10-05T15:40:32 IST">
          <params>
            <param index="0">
              <value>
                <![CDATA[[TestResult name=verifyDefaultCity status=SUCCESS method=TC_Module10_Recipients.verifyDefaultCity()[pri:8, instance:com.flowers.testcases.TC_Module10_Recipients@4b553d26] output={null}]]]>
              </value>
            </param>
          </params>
          <reporter-output>
          </reporter-output>
        </test-method> <!-- getResult -->
        <test-method status="PASS" signature="verifyAllTitles()[pri:9, instance:com.flowers.testcases.TC_Module10_Recipients@4b553d26]" name="verifyAllTitles" duration-ms="274" started-at="2019-10-05T15:40:32 IST" finished-at="2019-10-05T15:40:32 IST">
          <reporter-output>
          </reporter-output>
        </test-method> <!-- verifyAllTitles -->
        <test-method status="PASS" signature="getResult(org.testng.ITestResult)[pri:0, instance:com.flowers.testcases.TC_Module10_Recipients@4b553d26]" name="getResult" is-config="true" duration-ms="0" started-at="2019-10-05T15:40:32 IST" finished-at="2019-10-05T15:40:32 IST">
          <params>
            <param index="0">
              <value>
                <![CDATA[[TestResult name=verifyAllTitles status=SUCCESS method=TC_Module10_Recipients.verifyAllTitles()[pri:9, instance:com.flowers.testcases.TC_Module10_Recipients@4b553d26] output={null}]]]>
              </value>
            </param>
          </params>
          <reporter-output>
          </reporter-output>
        </test-method> <!-- getResult -->
        <test-method status="FAIL" signature="verifyAllLocationTypes()[pri:10, instance:com.flowers.testcases.TC_Module10_Recipients@4b553d26]" name="verifyAllLocationTypes" duration-ms="733" started-at="2019-10-05T15:40:32 IST" finished-at="2019-10-05T15:40:33 IST">
          <exception class="java.lang.AssertionError">
            <message>
              <![CDATA[Insufficient options in the location type drop-down list]]>
            </message>
            <full-stacktrace>
              <![CDATA[java.lang.AssertionError: Insufficient options in the location type drop-down list
at org.testng.Assert.fail(Assert.java:97)
at com.flowers.action.A10_Recipients.verifyAllLocationTypes(A10_Recipients.java:236)
at com.flowers.testcases.TC_Module10_Recipients.verifyAllLocationTypes(TC_Module10_Recipients.java:59)
at sun.reflect.NativeMethodAccessorImpl.invoke0(Native Method)
at sun.reflect.NativeMethodAccessorImpl.invoke(NativeMethodAccessorImpl.java:62)
at sun.reflect.DelegatingMethodAccessorImpl.invoke(DelegatingMethodAccessorImpl.java:43)
at java.lang.reflect.Method.invoke(Method.java:498)
at org.testng.internal.MethodInvocationHelper.invokeMethod(MethodInvocationHelper.java:133)
at org.testng.internal.TestInvoker.invokeMethod(TestInvoker.java:584)
at org.testng.internal.TestInvoker.invokeTestMethod(TestInvoker.java:172)
at org.testng.internal.MethodRunner.runInSequence(MethodRunner.java:46)
at org.testng.internal.TestInvoker$MethodInvocationAgent.invoke(TestInvoker.java:804)
at org.testng.internal.TestInvoker.invokeTestMethods(TestInvoker.java:145)
at org.testng.internal.TestMethodWorker.invokeTestMethods(TestMethodWorker.java:146)
at org.testng.internal.TestMethodWorker.run(TestMethodWorker.java:128)
at java.util.ArrayList.forEach(ArrayList.java:1257)
at org.testng.TestRunner.privateRun(TestRunner.java:770)
at org.testng.TestRunner.run(TestRunner.java:591)
at org.testng.SuiteRunner.runTest(SuiteRunner.java:402)
at org.testng.SuiteRunner.runSequentially(SuiteRunner.java:396)
at org.testng.SuiteRunner.privateRun(SuiteRunner.java:355)
at org.testng.SuiteRunner.run(SuiteRunner.java:304)
at org.testng.SuiteRunnerWorker.runSuite(SuiteRunnerWorker.java:53)
at org.testng.SuiteRunnerWorker.run(SuiteRunnerWorker.java:96)
at org.testng.TestNG.runSuitesSequentially(TestNG.java:1180)
at org.testng.TestNG.runSuitesLocally(TestNG.java:1102)
at org.testng.TestNG.runSuites(TestNG.java:1032)
at org.testng.TestNG.run(TestNG.java:1000)
at org.testng.remote.AbstractRemoteTestNG.run(AbstractRemoteTestNG.java:115)
at org.testng.remote.RemoteTestNG.initAndRun(RemoteTestNG.java:251)
at org.testng.remote.RemoteTestNG.main(RemoteTestNG.java:77)
]]>
            </full-stacktrace>
          </exception> <!-- java.lang.AssertionError -->
          <reporter-output>
          </reporter-output>
        </test-method> <!-- verifyAllLocationTypes -->
        <test-method status="PASS" signature="getResult(org.testng.ITestResult)[pri:0, instance:com.flowers.testcases.TC_Module10_Recipients@4b553d26]" name="getResult" is-config="true" duration-ms="463" started-at="2019-10-05T15:40:33 IST" finished-at="2019-10-05T15:40:33 IST">
          <params>
            <param index="0">
              <value>
                <![CDATA[[TestResult name=verifyAllLocationTypes status=FAILURE method=TC_Module10_Recipients.verifyAllLocationTypes()[pri:10, instance:com.flowers.testcases.TC_Module10_Recipients@4b553d26] output={null}]]]>
              </value>
            </param>
          </params>
          <reporter-output>
          </reporter-output>
        </test-method> <!-- getResult -->
        <test-method status="PASS" signature="verifyExpectedTitle()[pri:11, instance:com.flowers.testcases.TC_Module10_Recipients@4b553d26]" name="verifyExpectedTitle" duration-ms="487" started-at="2019-10-05T15:40:33 IST" finished-at="2019-10-05T15:40:34 IST">
          <reporter-output>
          </reporter-output>
        </test-method> <!-- verifyExpectedTitle -->
        <test-method status="PASS" signature="getResult(org.testng.ITestResult)[pri:0, instance:com.flowers.testcases.TC_Module10_Recipients@4b553d26]" name="getResult" is-config="true" duration-ms="0" started-at="2019-10-05T15:40:34 IST" finished-at="2019-10-05T15:40:34 IST">
          <params>
            <param index="0">
              <value>
                <![CDATA[[TestResult name=verifyExpectedTitle status=SUCCESS method=TC_Module10_Recipients.verifyExpectedTitle()[pri:11, instance:com.flowers.testcases.TC_Module10_Recipients@4b553d26] output={null}]]]>
              </value>
            </param>
          </params>
          <reporter-output>
          </reporter-output>
        </test-method> <!-- getResult -->
        <test-method status="PASS" signature="verifyExpectedLocationTypes()[pri:12, instance:com.flowers.testcases.TC_Module10_Recipients@4b553d26]" name="verifyExpectedLocationTypes" duration-ms="343" started-at="2019-10-05T15:40:34 IST" finished-at="2019-10-05T15:40:34 IST">
          <reporter-output>
          </reporter-output>
        </test-method> <!-- verifyExpectedLocationTypes -->
        <test-method status="PASS" signature="getResult(org.testng.ITestResult)[pri:0, instance:com.flowers.testcases.TC_Module10_Recipients@4b553d26]" name="getResult" is-config="true" duration-ms="1" started-at="2019-10-05T15:40:34 IST" finished-at="2019-10-05T15:40:34 IST">
          <params>
            <param index="0">
              <value>
                <![CDATA[[TestResult name=verifyExpectedLocationTypes status=SUCCESS method=TC_Module10_Recipients.verifyExpectedLocationTypes()[pri:12, instance:com.flowers.testcases.TC_Module10_Recipients@4b553d26] output={null}]]]>
              </value>
            </param>
          </params>
          <reporter-output>
          </reporter-output>
        </test-method> <!-- getResult -->
        <test-method status="PASS" signature="stopExecution()[pri:0, instance:com.flowers.testcases.TC_Module10_Recipients@4b553d26]" name="stopExecution" is-config="true" duration-ms="5133" started-at="2019-10-05T15:40:34 IST" finished-at="2019-10-05T15:40:39 IST">
          <reporter-output>
          </reporter-output>
        </test-method> <!-- stopExecution -->
      </class> <!-- com.flowers.testcases.TC_Module10_Recipients -->
    </test> <!-- Recipients Page -->
  </suite> <!-- Suite -->
</testng-results>
